2017-06-22T00:14:23.880: Rss Link added to the Task Scheduler0
2017-06-22T00:14:25.372: Replacing file ABC_News_International
2017-06-22T00:14:25.379: File saved ABC_News_International
2017-06-22T00:14:34.789: Replacing file ABC_News_International
2017-06-22T00:14:34.790: File saved ABC_News_International
2017-06-22T00:14:44.813: Replacing file ABC_News_International
2017-06-22T00:14:44.814: File saved ABC_News_International
2017-06-22T00:14:54.787: Replacing file ABC_News_International
2017-06-22T00:14:54.788: File saved ABC_News_International
2017-06-22T00:15:04.902: Replacing file ABC_News_International
2017-06-22T00:15:04.902: File saved ABC_News_International
2017-06-22T00:15:15.012: Replacing file ABC_News_International
2017-06-22T00:15:15.013: File saved ABC_News_International
2017-06-22T00:15:24.777: Replacing file ABC_News_International
2017-06-22T00:15:24.778: File saved ABC_News_International
2017-06-22T00:15:34.885: Replacing file ABC_News_International
2017-06-22T00:15:34.886: File saved ABC_News_International
2017-06-22T00:15:45.117: Replacing file ABC_News_International
2017-06-22T00:15:45.118: File saved ABC_News_International
2017-06-22T00:15:55.014: Replacing file ABC_News_International
2017-06-22T00:15:55.015: File saved ABC_News_International
2017-06-22T00:16:04.785: Replacing file ABC_News_International
2017-06-22T00:16:04.786: File saved ABC_News_International
2017-06-22T00:16:14.803: Replacing file ABC_News_International
2017-06-22T00:16:14.804: File saved ABC_News_International
2017-06-22T00:16:24.509: Replacing file ABC_News_International
2017-06-22T00:16:24.510: File saved ABC_News_International
2017-06-22T00:16:34.962: Replacing file ABC_News_International
2017-06-22T00:16:34.963: File saved ABC_News_International
2017-06-22T00:16:35.389: Rss Link added to the Task Scheduler1
2017-06-22T00:16:35.793: Replacing file ABC_News_U.S.
2017-06-22T00:16:35.795: File saved ABC_News_U.S.
2017-06-22T00:16:44.777: Replacing file ABC_News_International
2017-06-22T00:16:44.780: File saved ABC_News_International
2017-06-22T00:16:45.793: Replacing file ABC_News_U.S.
2017-06-22T00:16:45.794: File saved ABC_News_U.S.
2017-06-22T00:16:54.766: Replacing file ABC_News_International
2017-06-22T00:16:54.767: File saved ABC_News_International
2017-06-22T00:16:55.791: Replacing file ABC_News_U.S.
2017-06-22T00:16:55.791: File saved ABC_News_U.S.
2017-06-22T00:17:05.045: Replacing file ABC_News_International
2017-06-22T00:17:05.046: File saved ABC_News_International
2017-06-22T00:17:05.788: Replacing file ABC_News_U.S.
2017-06-22T00:17:05.789: File saved ABC_News_U.S.
2017-06-22T00:17:14.979: Replacing file ABC_News_International
2017-06-22T00:17:14.981: File saved ABC_News_International
2017-06-22T00:17:15.797: Replacing file ABC_News_U.S.
2017-06-22T00:17:15.798: File saved ABC_News_U.S.
2017-06-22T00:17:24.778: Replacing file ABC_News_International
2017-06-22T00:17:24.779: File saved ABC_News_International
2017-06-22T00:17:25.796: Replacing file ABC_News_U.S.
2017-06-22T00:17:25.797: File saved ABC_News_U.S.
2017-06-22T00:17:34.390: Replacing file ABC_News_International
2017-06-22T00:17:34.391: File saved ABC_News_International
2017-06-22T00:17:35.799: Replacing file ABC_News_U.S.
2017-06-22T00:17:35.800: File saved ABC_News_U.S.
2017-06-22T00:17:44.906: Replacing file ABC_News_International
2017-06-22T00:17:44.907: File saved ABC_News_International
2017-06-22T00:17:45.796: Replacing file ABC_News_U.S.
2017-06-22T00:17:45.797: File saved ABC_News_U.S.
2017-06-22T00:17:54.784: Replacing file ABC_News_International
2017-06-22T00:17:54.784: File saved ABC_News_International
2017-06-22T00:17:55.795: Replacing file ABC_News_U.S.
2017-06-22T00:17:55.796: File saved ABC_News_U.S.
2017-06-22T00:18:04.799: Replacing file ABC_News_International
2017-06-22T00:18:04.799: File saved ABC_News_International
2017-06-22T00:18:05.809: Replacing file ABC_News_U.S.
2017-06-22T00:18:05.810: File saved ABC_News_U.S.
2017-06-22T00:18:14.781: Replacing file ABC_News_International
2017-06-22T00:18:14.782: File saved ABC_News_International
2017-06-22T00:18:15.798: Replacing file ABC_News_U.S.
2017-06-22T00:18:15.799: File saved ABC_News_U.S.
2017-06-22T00:18:25.104: Replacing file ABC_News_International
2017-06-22T00:18:25.104: File saved ABC_News_International
2017-06-22T00:18:25.799: Replacing file ABC_News_U.S.
2017-06-22T00:18:25.800: File saved ABC_News_U.S.
2017-06-22T00:18:34.788: Replacing file ABC_News_International
2017-06-22T00:18:34.788: File saved ABC_News_International
2017-06-22T00:18:35.798: Replacing file ABC_News_U.S.
2017-06-22T00:18:35.805: File saved ABC_News_U.S.
2017-06-22T00:18:44.989: Replacing file ABC_News_International
2017-06-22T00:18:44.989: File saved ABC_News_International
2017-06-22T00:18:45.800: Replacing file ABC_News_U.S.
2017-06-22T00:18:45.801: File saved ABC_News_U.S.
2017-06-22T00:18:54.776: Replacing file ABC_News_International
2017-06-22T00:18:54.777: File saved ABC_News_International
2017-06-22T00:18:55.796: Replacing file ABC_News_U.S.
2017-06-22T00:18:55.797: File saved ABC_News_U.S.
2017-06-22T00:19:04.498: Replacing file ABC_News_International
2017-06-22T00:19:04.499: File saved ABC_News_International
2017-06-22T00:19:05.597: Replacing file ABC_News_U.S.
2017-06-22T00:19:05.599: File saved ABC_News_U.S.
2017-06-22T00:19:14.813: Replacing file ABC_News_International
2017-06-22T00:19:14.813: File saved ABC_News_International
2017-06-22T00:19:15.810: Replacing file ABC_News_U.S.
2017-06-22T00:19:15.811: File saved ABC_News_U.S.
2017-06-22T00:19:24.375: Replacing file ABC_News_International
2017-06-22T00:19:24.375: File saved ABC_News_International
2017-06-22T00:19:25.600: Replacing file ABC_News_U.S.
2017-06-22T00:19:25.602: File saved ABC_News_U.S.
2017-06-22T00:19:34.777: Replacing file ABC_News_International
2017-06-22T00:19:34.777: File saved ABC_News_International
2017-06-22T00:19:35.794: Replacing file ABC_News_U.S.
2017-06-22T00:19:35.795: File saved ABC_News_U.S.
2017-06-22T00:19:45.541: Replacing file ABC_News_International
2017-06-22T00:19:45.544: File saved ABC_News_International
2017-06-22T00:19:46.369: Replacing file ABC_News_U.S.
2017-06-22T00:19:46.370: File saved ABC_News_U.S.
2017-06-22T00:19:54.601: Replacing file ABC_News_International
2017-06-22T00:19:54.602: File saved ABC_News_International
2017-06-22T00:19:55.809: Replacing file ABC_News_U.S.
2017-06-22T00:19:55.810: File saved ABC_News_U.S.
2017-06-22T00:20:04.763: Replacing file ABC_News_International
2017-06-22T00:20:04.764: File saved ABC_News_International
2017-06-22T00:20:05.790: Replacing file ABC_News_U.S.
2017-06-22T00:20:05.791: File saved ABC_News_U.S.
2017-06-22T00:20:14.382: Replacing file ABC_News_International
2017-06-22T00:20:14.382: File saved ABC_News_International
2017-06-22T00:20:15.598: Replacing file ABC_News_U.S.
2017-06-22T00:20:15.599: File saved ABC_News_U.S.
2017-06-22T00:20:25.102: Replacing file ABC_News_International
2017-06-22T00:20:25.103: File saved ABC_News_International
2017-06-22T00:20:25.795: Replacing file ABC_News_U.S.
2017-06-22T00:20:25.796: File saved ABC_News_U.S.
2017-06-22T00:20:34.971: Replacing file ABC_News_International
2017-06-22T00:20:34.972: File saved ABC_News_International
2017-06-22T00:20:35.799: Replacing file ABC_News_U.S.
2017-06-22T00:20:35.799: File saved ABC_News_U.S.
2017-06-22T00:20:45.011: Replacing file ABC_News_International
2017-06-22T00:20:45.012: File saved ABC_News_International
2017-06-22T00:20:45.808: Replacing file ABC_News_U.S.
2017-06-22T00:20:45.809: File saved ABC_News_U.S.
2017-06-22T00:20:54.399: Replacing file ABC_News_International
2017-06-22T00:20:54.399: File saved ABC_News_International
2017-06-22T00:20:55.606: Replacing file ABC_News_U.S.
2017-06-22T00:20:55.606: File saved ABC_News_U.S.
2017-06-22T00:21:05.119: Replacing file ABC_News_International
2017-06-22T00:21:05.120: File saved ABC_News_International
2017-06-22T00:21:05.801: Replacing file ABC_News_U.S.
2017-06-22T00:21:05.802: File saved ABC_News_U.S.
2017-06-22T00:21:14.766: Replacing file ABC_News_International
2017-06-22T00:21:14.767: File saved ABC_News_International
2017-06-22T00:21:15.798: Replacing file ABC_News_U.S.
2017-06-22T00:21:15.798: File saved ABC_News_U.S.
2017-06-22T00:21:24.389: Replacing file ABC_News_International
2017-06-22T00:21:24.390: File saved ABC_News_International
2017-06-22T00:21:25.605: Replacing file ABC_News_U.S.
2017-06-22T00:21:25.605: File saved ABC_News_U.S.
2017-06-22T00:21:34.801: Replacing file ABC_News_International
2017-06-22T00:21:34.801: File saved ABC_News_International
2017-06-22T00:21:35.806: Replacing file ABC_News_U.S.
2017-06-22T00:21:35.807: File saved ABC_News_U.S.
2017-06-22T00:21:45.244: Replacing file ABC_News_International
2017-06-22T00:21:45.244: File saved ABC_News_International
2017-06-22T00:21:45.792: Replacing file ABC_News_U.S.
2017-06-22T00:21:45.793: File saved ABC_News_U.S.
2017-06-22T00:21:54.777: Replacing file ABC_News_International
2017-06-22T00:21:54.779: File saved ABC_News_International
2017-06-22T00:21:55.798: Replacing file ABC_News_U.S.
2017-06-22T00:21:55.798: File saved ABC_News_U.S.
2017-06-22T00:22:04.780: Replacing file ABC_News_International
2017-06-22T00:22:04.781: File saved ABC_News_International
2017-06-22T00:22:05.797: Replacing file ABC_News_U.S.
2017-06-22T00:22:05.798: File saved ABC_News_U.S.
2017-06-22T00:22:14.403: Replacing file ABC_News_International
2017-06-22T00:22:14.404: File saved ABC_News_International
2017-06-22T00:22:15.807: Replacing file ABC_News_U.S.
2017-06-22T00:22:15.808: File saved ABC_News_U.S.
2017-06-22T00:22:24.922: Replacing file ABC_News_International
2017-06-22T00:22:24.922: File saved ABC_News_International
2017-06-22T00:22:25.796: Replacing file ABC_News_U.S.
2017-06-22T00:22:25.797: File saved ABC_News_U.S.
2017-06-22T00:22:34.837: Replacing file ABC_News_International
2017-06-22T00:22:34.839: File saved ABC_News_International
2017-06-22T00:22:35.797: Replacing file ABC_News_U.S.
2017-06-22T00:22:35.798: File saved ABC_News_U.S.
2017-06-22T00:22:44.793: Replacing file ABC_News_International
2017-06-22T00:22:44.794: File saved ABC_News_International
2017-06-22T00:22:45.803: Replacing file ABC_News_U.S.
2017-06-22T00:22:45.804: File saved ABC_News_U.S.
2017-06-22T00:22:54.973: Replacing file ABC_News_International
2017-06-22T00:22:54.973: File saved ABC_News_International
2017-06-22T00:22:55.797: Replacing file ABC_News_U.S.
2017-06-22T00:22:55.798: File saved ABC_News_U.S.
2017-06-22T00:23:04.511: Replacing file ABC_News_International
2017-06-22T00:23:04.512: File saved ABC_News_International
2017-06-22T00:23:05.599: Replacing file ABC_News_U.S.
2017-06-22T00:23:05.600: File saved ABC_News_U.S.
2017-06-22T00:23:14.984: Replacing file ABC_News_International
2017-06-22T00:23:14.984: File saved ABC_News_International
2017-06-22T00:23:15.799: Replacing file ABC_News_U.S.
2017-06-22T00:23:15.800: File saved ABC_News_U.S.
2017-06-22T00:23:24.957: Replacing file ABC_News_International
2017-06-22T00:23:24.959: File saved ABC_News_International
2017-06-22T00:23:25.791: Replacing file ABC_News_U.S.
2017-06-22T00:23:25.792: File saved ABC_News_U.S.
2017-06-22T00:23:34.818: Replacing file ABC_News_International
2017-06-22T00:23:34.821: File saved ABC_News_International
2017-06-22T00:23:35.812: Replacing file ABC_News_U.S.
2017-06-22T00:23:35.815: File saved ABC_News_U.S.
2017-06-22T00:23:44.911: Replacing file ABC_News_International
2017-06-22T00:23:44.911: File saved ABC_News_International
2017-06-22T00:23:45.797: Replacing file ABC_News_U.S.
2017-06-22T00:23:45.798: File saved ABC_News_U.S.
2017-06-22T00:23:54.778: Replacing file ABC_News_International
2017-06-22T00:23:54.779: File saved ABC_News_International
2017-06-22T00:23:55.794: Replacing file ABC_News_U.S.
2017-06-22T00:23:55.796: File saved ABC_News_U.S.
2017-06-22T00:24:04.389: Replacing file ABC_News_International
2017-06-22T00:24:04.390: File saved ABC_News_International
2017-06-22T00:24:05.602: Replacing file ABC_News_U.S.
2017-06-22T00:24:05.603: File saved ABC_News_U.S.
2017-06-22T00:24:14.402: Replacing file ABC_News_International
2017-06-22T00:24:14.403: File saved ABC_News_International
2017-06-22T00:24:15.607: Replacing file ABC_News_U.S.
2017-06-22T00:24:15.608: File saved ABC_News_U.S.
2017-06-22T00:24:24.682: Replacing file ABC_News_International
2017-06-22T00:24:24.682: File saved ABC_News_International
2017-06-22T00:24:25.603: Replacing file ABC_News_U.S.
2017-06-22T00:24:25.604: File saved ABC_News_U.S.
2017-06-22T00:24:34.583: Replacing file ABC_News_International
2017-06-22T00:24:34.583: File saved ABC_News_International
2017-06-22T00:24:35.796: Replacing file ABC_News_U.S.
2017-06-22T00:24:35.797: File saved ABC_News_U.S.
2017-06-22T00:24:44.568: Replacing file ABC_News_International
2017-06-22T00:24:44.569: File saved ABC_News_International
2017-06-22T00:24:45.787: Replacing file ABC_News_U.S.
2017-06-22T00:24:45.788: File saved ABC_News_U.S.
2017-06-22T00:24:54.975: Replacing file ABC_News_International
2017-06-22T00:24:54.975: File saved ABC_News_International
2017-06-22T00:24:55.796: Replacing file ABC_News_U.S.
2017-06-22T00:24:55.797: File saved ABC_News_U.S.
2017-06-22T00:25:05.079: Replacing file ABC_News_International
2017-06-22T00:25:05.080: File saved ABC_News_International
2017-06-22T00:25:05.793: Replacing file ABC_News_U.S.
2017-06-22T00:25:05.794: File saved ABC_News_U.S.
2017-06-22T00:25:14.997: Replacing file ABC_News_International
2017-06-22T00:25:14.997: File saved ABC_News_International
2017-06-22T00:25:15.802: Replacing file ABC_News_U.S.
2017-06-22T00:25:15.803: File saved ABC_News_U.S.
2017-06-22T00:25:25.009: Replacing file ABC_News_International
2017-06-22T00:25:25.011: File saved ABC_News_International
2017-06-22T00:25:25.805: Replacing file ABC_News_U.S.
2017-06-22T00:25:25.806: File saved ABC_News_U.S.
2017-06-22T00:25:34.400: Replacing file ABC_News_International
2017-06-22T00:25:34.401: File saved ABC_News_International
2017-06-22T00:25:35.608: Replacing file ABC_News_U.S.
2017-06-22T00:25:35.608: File saved ABC_News_U.S.
2017-06-22T00:25:45.654: Replacing file ABC_News_International
2017-06-22T00:25:45.655: File saved ABC_News_International
2017-06-22T00:25:46.462: Replacing file ABC_News_U.S.
2017-06-22T00:25:46.463: File saved ABC_News_U.S.
2017-06-22T00:25:54.403: Replacing file ABC_News_International
2017-06-22T00:25:54.404: File saved ABC_News_International
2017-06-22T00:25:55.607: Replacing file ABC_News_U.S.
2017-06-22T00:25:55.608: File saved ABC_News_U.S.
2017-06-22T00:26:04.966: Replacing file ABC_News_International
2017-06-22T00:26:04.967: File saved ABC_News_International
2017-06-22T00:26:05.794: Replacing file ABC_News_U.S.
2017-06-22T00:26:05.795: File saved ABC_News_U.S.
2017-06-22T00:26:14.397: Replacing file ABC_News_International
2017-06-22T00:26:14.398: File saved ABC_News_International
2017-06-22T00:26:15.607: Replacing file ABC_News_U.S.
2017-06-22T00:26:15.608: File saved ABC_News_U.S.
2017-06-22T00:26:24.946: Replacing file ABC_News_International
2017-06-22T00:26:24.947: File saved ABC_News_International
2017-06-22T00:26:25.809: Replacing file ABC_News_U.S.
2017-06-22T00:26:25.810: File saved ABC_News_U.S.
2017-06-22T00:26:34.965: Replacing file ABC_News_International
2017-06-22T00:26:34.966: File saved ABC_News_International
2017-06-22T00:26:35.808: Replacing file ABC_News_U.S.
2017-06-22T00:26:35.809: File saved ABC_News_U.S.
2017-06-22T00:26:44.787: Replacing file ABC_News_International
2017-06-22T00:26:44.787: File saved ABC_News_International
2017-06-22T00:26:45.798: Replacing file ABC_News_U.S.
2017-06-22T00:26:45.799: File saved ABC_News_U.S.
2017-06-22T00:26:54.389: Replacing file ABC_News_International
2017-06-22T00:26:54.389: File saved ABC_News_International
2017-06-22T00:26:55.600: Replacing file ABC_News_U.S.
2017-06-22T00:26:55.601: File saved ABC_News_U.S.
2017-06-22T00:27:04.917: Replacing file ABC_News_International
2017-06-22T00:27:04.917: File saved ABC_News_International
2017-06-22T00:27:05.798: Replacing file ABC_News_U.S.
2017-06-22T00:27:05.798: File saved ABC_News_U.S.
2017-06-22T00:27:14.778: Replacing file ABC_News_International
2017-06-22T00:27:14.779: File saved ABC_News_International
2017-06-22T00:27:15.800: Replacing file ABC_News_U.S.
2017-06-22T00:27:15.800: File saved ABC_News_U.S.
2017-06-22T00:27:24.776: Replacing file ABC_News_International
2017-06-22T00:27:24.777: File saved ABC_News_International
2017-06-22T00:27:25.794: Replacing file ABC_News_U.S.
2017-06-22T00:27:25.794: File saved ABC_News_U.S.
2017-06-22T00:27:34.383: Replacing file ABC_News_International
2017-06-22T00:27:34.383: File saved ABC_News_International
2017-06-22T00:27:35.600: Replacing file ABC_News_U.S.
2017-06-22T00:27:35.600: File saved ABC_News_U.S.
2017-06-22T00:27:36.145: Replacing log file log
